2022/10/14 21:28:26:762 INFO Using appdir from command line: out/stub
2022/10/14 21:28:26:764 INFO ------------------ VM Info ------------------
2022/10/14 21:28:26:765 INFO -- OS Name: Linux
2022/10/14 21:28:26:765 INFO -- OS Arch: amd64
2022/10/14 21:28:26:765 INFO -- OS Vers: 5.15.0-50-generic
2022/10/14 21:28:26:765 INFO -- Java Vers: 18.0.2
2022/10/14 21:28:26:765 INFO -- Java Home: /home/hidden-machine/.jdks/openjdk-18.0.2
2022/10/14 21:28:26:765 INFO -- User Name: hidden-machine
2022/10/14 21:28:26:765 INFO -- User Home: /home/hidden-machine
2022/10/14 21:28:26:765 INFO -- Cur dir: /home/hidden-machine/Java Projects on Linux/MazesProject
2022/10/14 21:28:26:765 INFO ---------------------------------------------
2022/10/14 21:28:26:781 INFO Getdown starting [version=1.8.7, built=2022-05-24 10:43]
2022/10/14 21:28:26:782 INFO Checking whether we need to use a proxy...
2022/10/14 21:28:26:852 INFO Attempting to fetch without proxy: http://0.0.0.0:8000/app/getdown.txt
2022/10/14 21:28:26:869 INFO No proxy appears to be needed.
2022/10/14 21:28:26:871 INFO Able to lock for updates: true
2022/10/14 21:28:26:871 INFO Verifying application: http://0.0.0.0:8000/app/
2022/10/14 21:28:26:872 INFO Version: -1
2022/10/14 21:28:26:872 INFO Class: Maze.Main
2022/10/14 21:28:26:889 INFO Attempting to refetch 'digest.txt' from 'http://0.0.0.0:8000/app/digest.txt'.
2022/10/14 21:28:26:892 INFO No signing certs, not verifying digest.txt [path=digest.txt]
2022/10/14 21:28:26:892 INFO Attempting to refetch 'digest2.txt' from 'http://0.0.0.0:8000/app/digest2.txt'.
2022/10/14 21:28:26:896 INFO No signing certs, not verifying digest.txt [path=digest2.txt]
2022/10/14 21:28:26:897 INFO Unversioned digest changed. Revalidating...
2022/10/14 21:28:27:220 INFO Resource failed digest check [rsrc=MazesProject.jar, computed=c9f29af0842da199d6f3c4ae28cb3aa6f97551a7f2fe15f971563c1d3e1b3e95, expected=04a29dd0f038a213dd121b1f0cb74390311526b34a90c02f86b6b0cc6f10ad33]
2022/10/14 21:28:27:221 INFO Verified resources [count=1, alreadyValid=0, size=4577k, duration=322ms]
2022/10/14 21:28:27:221 INFO 1 of 1 rsrcs require update (0 assumed valid).
2022/10/14 21:28:27:224 INFO Downloading 1 resources [totalBytes=5395270, maxConcurrent=3]
2022/10/14 21:28:27:227 INFO Downloading resource [url=http://0.0.0.0:8000/app/MazesProject.jar, size=5395270]
2022/10/14 21:28:27:240 INFO Verifying application: http://0.0.0.0:8000/app/
2022/10/14 21:28:27:240 INFO Version: -1
2022/10/14 21:28:27:240 INFO Class: Maze.Main
2022/10/14 21:28:27:241 INFO Attempting to refetch 'digest.txt' from 'http://0.0.0.0:8000/app/digest.txt'.
2022/10/14 21:28:27:243 INFO No signing certs, not verifying digest.txt [path=digest.txt]
2022/10/14 21:28:27:243 INFO Attempting to refetch 'digest2.txt' from 'http://0.0.0.0:8000/app/digest2.txt'.
2022/10/14 21:28:27:245 INFO No signing certs, not verifying digest.txt [path=digest2.txt]
2022/10/14 21:28:27:515 INFO Verified resources [count=1, alreadyValid=0, size=4577k, duration=269ms]
2022/10/14 21:28:27:515 INFO Installing 1 downloaded resources:
2022/10/14 21:28:27:515 INFO - out/stub/MazesProject.jar_new
2022/10/14 21:28:27:517 INFO Install completed.
2022/10/14 21:28:27:520 INFO Didn't find any custom environment variables, not setting any.
2022/10/14 21:28:27:520 INFO Running /home/hidden-machine/.jdks/openjdk-18.0.2/bin/java
  -classpath
  MazesProject.jar
  -Dcom.threerings.getdown=true
  Maze.Main
